testRegistration -> Test Started
Trying to find Element  By.xpath: //*[contains(@class,'register')]
Found Element  By.xpath: //*[contains(@class,'register')]
Trying to find Element  By.id: FirstName
Found Element  By.id: FirstName
Trying to find Element  By.id: FirstName
Found Element  By.id: FirstName
Value of the:[[ChromeDriver: chrome on WINDOWS (2635c54c1a39cfce53345e21b0d2270c)] -> id: FirstName] before any changes made
Trying to find Element  By.xpath: //*[contains(@class,'register')]
Found Element  By.xpath: //*[contains(@class,'register')]
Element value changed to: [[ChromeDriver: chrome on WINDOWS (2635c54c1a39cfce53345e21b0d2270c)] -> id: FirstName]
Trying to find Element  By.id: LastName
Trying to find Element  By.xpath: //*[contains(@class,'register')]
Found Element  By.id: LastName
Found Element  By.xpath: //*[contains(@class,'register')]
Trying to click on: [[FirefoxDriver: firefox on WINDOWS (8495a089-c2b9-401d-b4cc-1f8d3320e3a4)] -> xpath: //*[contains(@class,'register')]]
Trying to find Element  By.id: LastName
Found Element  By.id: LastName
Trying to find Element  By.id: LastName
Found Element  By.id: LastName
Value of the:[[ChromeDriver: chrome on WINDOWS (2635c54c1a39cfce53345e21b0d2270c)] -> id: LastName] before any changes made
Element value changed to: [[ChromeDriver: chrome on WINDOWS (2635c54c1a39cfce53345e21b0d2270c)] -> id: LastName]
Trying to find Element  By.name: DateOfBirthDay
Found Element  By.name: DateOfBirthDay
Clicked on: [[FirefoxDriver: firefox on WINDOWS (8495a089-c2b9-401d-b4cc-1f8d3320e3a4)] -> xpath: //*[contains(@class,'register')]]
Trying to find Element  By.id: gender-male
Found Element  By.id: gender-male
Trying to find Element  By.name: DateOfBirthDay
Found Element  By.name: DateOfBirthDay
Trying to find Element  By.name: DateOfBirthDay
Found Element  By.name: DateOfBirthDay
Trying to find Element  By.xpath: .//option[@value = "1"]
Found Element  By.xpath: .//option[@value = "1"]
Trying to click on: [[[[ChromeDriver: chrome on WINDOWS (2635c54c1a39cfce53345e21b0d2270c)] -> name: DateOfBirthDay]] -> xpath: .//option[@value = "1"]]
Clicked on: [[[[ChromeDriver: chrome on WINDOWS (2635c54c1a39cfce53345e21b0d2270c)] -> name: DateOfBirthDay]] -> xpath: .//option[@value = "1"]]
Trying to find Element  By.name: DateOfBirthMonth
Found Element  By.name: DateOfBirthMonth
Trying to find Element  By.id: gender-male
Found Element  By.id: gender-male
Trying to find Element  By.id: gender-male
Found Element  By.id: gender-male
Trying to click on: [[FirefoxDriver: firefox on WINDOWS (8495a089-c2b9-401d-b4cc-1f8d3320e3a4)] -> id: gender-male]
Trying to find Element  By.name: DateOfBirthMonth
Found Element  By.name: DateOfBirthMonth
Trying to find Element  By.name: DateOfBirthMonth
Found Element  By.name: DateOfBirthMonth
Trying to find Element  By.xpath: .//option[@value = "5"]
Found Element  By.xpath: .//option[@value = "5"]
Trying to click on: [[[[ChromeDriver: chrome on WINDOWS (2635c54c1a39cfce53345e21b0d2270c)] -> name: DateOfBirthMonth]] -> xpath: .//option[@value = "5"]]
Clicked on: [[FirefoxDriver: firefox on WINDOWS (8495a089-c2b9-401d-b4cc-1f8d3320e3a4)] -> id: gender-male]
Trying to find Element  By.id: FirstName
Found Element  By.id: FirstName
Clicked on: [[[[ChromeDriver: chrome on WINDOWS (2635c54c1a39cfce53345e21b0d2270c)] -> name: DateOfBirthMonth]] -> xpath: .//option[@value = "5"]]
Trying to find Element  By.name: DateOfBirthYear
Found Element  By.name: DateOfBirthYear
Trying to find Element  By.name: DateOfBirthYear
Trying to find Element  By.id: FirstName
Found Element  By.id: FirstName
Found Element  By.name: DateOfBirthYear
Trying to find Element  By.id: FirstName
Trying to find Element  By.name: DateOfBirthYear
Found Element  By.id: FirstName
Value of the:[[FirefoxDriver: firefox on WINDOWS (8495a089-c2b9-401d-b4cc-1f8d3320e3a4)] -> id: FirstName] before any changes made
Found Element  By.name: DateOfBirthYear
Trying to find Element  By.xpath: .//option[@value = "1985"]
Element value changed to: [[FirefoxDriver: firefox on WINDOWS (8495a089-c2b9-401d-b4cc-1f8d3320e3a4)] -> id: FirstName]
Trying to find Element  By.id: LastName
Found Element  By.id: LastName
Found Element  By.xpath: .//option[@value = "1985"]
Trying to click on: [[[[ChromeDriver: chrome on WINDOWS (2635c54c1a39cfce53345e21b0d2270c)] -> name: DateOfBirthYear]] -> xpath: .//option[@value = "1985"]]
Clicked on: [[[[ChromeDriver: chrome on WINDOWS (2635c54c1a39cfce53345e21b0d2270c)] -> name: DateOfBirthYear]] -> xpath: .//option[@value = "1985"]]
Trying to find Element  By.id: Email
Found Element  By.id: Email
Trying to find Element  By.id: LastName
Found Element  By.id: LastName
Trying to find Element  By.id: LastName
Found Element  By.id: LastName
Value of the:[[FirefoxDriver: firefox on WINDOWS (8495a089-c2b9-401d-b4cc-1f8d3320e3a4)] -> id: LastName] before any changes made
Element value changed to: [[FirefoxDriver: firefox on WINDOWS (8495a089-c2b9-401d-b4cc-1f8d3320e3a4)] -> id: LastName]
Trying to find Element  By.name: DateOfBirthDay
Found Element  By.name: DateOfBirthDay
Trying to find Element  By.id: Email
Found Element  By.id: Email
Trying to find Element  By.id: Email
Found Element  By.id: Email
Value of the:[[ChromeDriver: chrome on WINDOWS (2635c54c1a39cfce53345e21b0d2270c)] -> id: Email] before any changes made
Element value changed to: [[ChromeDriver: chrome on WINDOWS (2635c54c1a39cfce53345e21b0d2270c)] -> id: Email]
Trying to find Element  By.id: Password
Found Element  By.id: Password
Trying to find Element  By.name: DateOfBirthDay
Found Element  By.name: DateOfBirthDay
Trying to find Element  By.name: DateOfBirthDay
Found Element  By.name: DateOfBirthDay
Trying to find Element  By.xpath: .//option[@value = "1"]
Found Element  By.xpath: .//option[@value = "1"]
Trying to click on: [[[[FirefoxDriver: firefox on WINDOWS (8495a089-c2b9-401d-b4cc-1f8d3320e3a4)] -> name: DateOfBirthDay]] -> xpath: .//option[@value = "1"]]
Trying to find Element  By.id: Password
Found Element  By.id: Password
Trying to find Element  By.id: Password
Found Element  By.id: Password
Value of the:[[ChromeDriver: chrome on WINDOWS (2635c54c1a39cfce53345e21b0d2270c)] -> id: Password] before any changes made
Element value changed to: [[ChromeDriver: chrome on WINDOWS (2635c54c1a39cfce53345e21b0d2270c)] -> id: Password]
Trying to find Element  By.id: ConfirmPassword
Found Element  By.id: ConfirmPassword
Clicked on: [[[[FirefoxDriver: firefox on WINDOWS (8495a089-c2b9-401d-b4cc-1f8d3320e3a4)] -> name: DateOfBirthDay]] -> xpath: .//option[@value = "1"]]
Trying to find Element  By.name: DateOfBirthMonth
Found Element  By.name: DateOfBirthMonth
Trying to find Element  By.id: ConfirmPassword
Found Element  By.id: ConfirmPassword
Trying to find Element  By.id: ConfirmPassword
Found Element  By.id: ConfirmPassword
Value of the:[[ChromeDriver: chrome on WINDOWS (2635c54c1a39cfce53345e21b0d2270c)] -> id: ConfirmPassword] before any changes made
Trying to find Element  By.name: DateOfBirthMonth
Found Element  By.name: DateOfBirthMonth
Trying to find Element  By.name: DateOfBirthMonth
Found Element  By.name: DateOfBirthMonth
Trying to find Element  By.xpath: .//option[@value = "5"]
Found Element  By.xpath: .//option[@value = "5"]
Trying to click on: [[[[FirefoxDriver: firefox on WINDOWS (8495a089-c2b9-401d-b4cc-1f8d3320e3a4)] -> name: DateOfBirthMonth]] -> xpath: .//option[@value = "5"]]
Element value changed to: [[ChromeDriver: chrome on WINDOWS (2635c54c1a39cfce53345e21b0d2270c)] -> id: ConfirmPassword]
Trying to find Element  By.xpath: //button[contains(@class,'register')]
Found Element  By.xpath: //button[contains(@class,'register')]
Clicked on: [[[[FirefoxDriver: firefox on WINDOWS (8495a089-c2b9-401d-b4cc-1f8d3320e3a4)] -> name: DateOfBirthMonth]] -> xpath: .//option[@value = "5"]]
Trying to find Element  By.name: DateOfBirthYear
Found Element  By.name: DateOfBirthYear
Trying to find Element  By.xpath: //button[contains(@class,'register')]
Found Element  By.xpath: //button[contains(@class,'register')]
Trying to find Element  By.xpath: //button[contains(@class,'register')]
Found Element  By.xpath: //button[contains(@class,'register')]
Trying to click on: [[ChromeDriver: chrome on WINDOWS (2635c54c1a39cfce53345e21b0d2270c)] -> xpath: //button[contains(@class,'register')]]
Trying to find Element  By.name: DateOfBirthYear
Found Element  By.name: DateOfBirthYear
Trying to find Element  By.name: DateOfBirthYear
Found Element  By.name: DateOfBirthYear
Trying to find Element  By.xpath: .//option[@value = "1985"]
Found Element  By.xpath: .//option[@value = "1985"]
Trying to click on: [[[[FirefoxDriver: firefox on WINDOWS (8495a089-c2b9-401d-b4cc-1f8d3320e3a4)] -> name: DateOfBirthYear]] -> xpath: .//option[@value = "1985"]]
Clicked on: [[[[FirefoxDriver: firefox on WINDOWS (8495a089-c2b9-401d-b4cc-1f8d3320e3a4)] -> name: DateOfBirthYear]] -> xpath: .//option[@value = "1985"]]
Trying to find Element  By.id: Email
Found Element  By.id: Email
Trying to find Element  By.id: Email
Found Element  By.id: Email
Trying to find Element  By.id: Email
Found Element  By.id: Email
Value of the:[[FirefoxDriver: firefox on WINDOWS (8495a089-c2b9-401d-b4cc-1f8d3320e3a4)] -> id: Email] before any changes made
Element value changed to: [[FirefoxDriver: firefox on WINDOWS (8495a089-c2b9-401d-b4cc-1f8d3320e3a4)] -> id: Email]
Trying to find Element  By.id: Password
Found Element  By.id: Password
Trying to find Element  By.id: Password
Found Element  By.id: Password
Trying to find Element  By.id: Password
Found Element  By.id: Password
Value of the:[[FirefoxDriver: firefox on WINDOWS (8495a089-c2b9-401d-b4cc-1f8d3320e3a4)] -> id: Password] before any changes made
Element value changed to: [[FirefoxDriver: firefox on WINDOWS (8495a089-c2b9-401d-b4cc-1f8d3320e3a4)] -> id: Password]
Trying to find Element  By.id: ConfirmPassword
Found Element  By.id: ConfirmPassword
Trying to find Element  By.id: ConfirmPassword
Found Element  By.id: ConfirmPassword
Trying to find Element  By.id: ConfirmPassword
Found Element  By.id: ConfirmPassword
Value of the:[[FirefoxDriver: firefox on WINDOWS (8495a089-c2b9-401d-b4cc-1f8d3320e3a4)] -> id: ConfirmPassword] before any changes made
Element value changed to: [[FirefoxDriver: firefox on WINDOWS (8495a089-c2b9-401d-b4cc-1f8d3320e3a4)] -> id: ConfirmPassword]
Trying to find Element  By.xpath: //button[contains(@class,'register')]
Found Element  By.xpath: //button[contains(@class,'register')]
Trying to find Element  By.xpath: //button[contains(@class,'register')]
Found Element  By.xpath: //button[contains(@class,'register')]
Trying to find Element  By.xpath: //button[contains(@class,'register')]
Found Element  By.xpath: //button[contains(@class,'register')]
Trying to click on: [[FirefoxDriver: firefox on WINDOWS (8495a089-c2b9-401d-b4cc-1f8d3320e3a4)] -> xpath: //button[contains(@class,'register')]]
Clicked on: [[FirefoxDriver: firefox on WINDOWS (8495a089-c2b9-401d-b4cc-1f8d3320e3a4)] -> xpath: //button[contains(@class,'register')]]
Trying to find Element  By.xpath: //*[contains(@class,'register')]
Found Element  By.xpath: //*[contains(@class,'register')]
Trying to find Element  By.xpath: //*[contains(@class,'register')]
Found Element  By.xpath: //*[contains(@class,'register')]
Trying to find Element  By.xpath: //*[contains(@class,'register')]
Found Element  By.xpath: //*[contains(@class,'register')]
Trying to click on: [[FirefoxDriver: firefox on WINDOWS (8495a089-c2b9-401d-b4cc-1f8d3320e3a4)] -> xpath: //*[contains(@class,'register')]]
Clicked on: [[ChromeDriver: chrome on WINDOWS (2635c54c1a39cfce53345e21b0d2270c)] -> xpath: //button[contains(@class,'register')]]
Trying to find Element  By.xpath: //*[contains(@class,'register')]
Found Element  By.xpath: //*[contains(@class,'register')]
Trying to find Element  By.xpath: //*[contains(@class,'register')]
Found Element  By.xpath: //*[contains(@class,'register')]
Trying to find Element  By.xpath: //*[contains(@class,'register')]
Clicked on: [[FirefoxDriver: firefox on WINDOWS (8495a089-c2b9-401d-b4cc-1f8d3320e3a4)] -> xpath: //*[contains(@class,'register')]]
Found Element  By.xpath: //*[contains(@class,'register')]
Trying to click on: [[ChromeDriver: chrome on WINDOWS (2635c54c1a39cfce53345e21b0d2270c)] -> xpath: //*[contains(@class,'register')]]
Trying to find Element  By.xpath: //*[contains(@class,'result')][contains(text(),'completed')]
testRegistration -> Test Failed
Clicked on: [[ChromeDriver: chrome on WINDOWS (2635c54c1a39cfce53345e21b0d2270c)] -> xpath: //*[contains(@class,'register')]]
Trying to find Element  By.xpath: //*[contains(@class,'result')][contains(text(),'completed')]
testRegistration -> Test Failed
======================================================
|| Test Finished on : Sat May 21 14:01:24 EET 2022  ||
======================================================
======================================================
|| Test Finished on : Sat May 21 14:01:24 EET 2022  ||
======================================================

===============================================
My Test Suite
Total tests run: 2, Passes: 0, Failures: 2, Skips: 0
===============================================

org.openqa.selenium.NoSuchElementException: Unable to locate element: //*[contains(@class,'result')][contains(text(),'completed')]
For documentation on this error, please visit: https://selenium.dev/exceptions/#no_such_element
Build info: version: '4.1.4', revision: '535d840ee2'
System info: host: 'DESKTOP-4OFQGQ7', ip: '10.145.2.162', os.name: 'Windows 10', os.arch: 'amd64', os.version: '10.0', java.version: '1.8.0_311'
Driver info: org.openqa.selenium.firefox.FirefoxDriver
Command: [8495a089-c2b9-401d-b4cc-1f8d3320e3a4, findElement {using=xpath, value=//*[contains(@class,'result')][contains(text(),'completed')]}]
Capabilities {acceptInsecureCerts: true, browserName: firefox, browserVersion: 100.0.2, javascriptEnabled: true, moz:accessibilityChecks: false, moz:buildID: 20220519220738, moz:debuggerAddress: localhost:63653, moz:geckodriverVersion: 0.31.0, moz:headless: false, moz:processID: 34740, moz:profile: C:\Users\Ahmed Medhat\AppDa..., moz:shutdownTimeout: 60000, moz:useNonSpecCompliantPointerOrigin: false, moz:webdriverClick: true, pageLoadStrategy: normal, platform: WINDOWS, platformName: WINDOWS, platformVersion: 10.0, proxy: Proxy(), se:cdp: ws://localhost:63653/devtoo..., se:cdpVersion: 85.0, setWindowRect: true, strictFileInteractability: false, timeouts: {implicit: 0, pageLoad: 300000, script: 30000}, unhandledPromptBehavior: dismiss and notify}
Session ID: 8495a089-c2b9-401d-b4cc-1f8d3320e3a4
	at sun.reflect.NativeConstructorAccessorImpl.newInstance0(Native Method)
	at sun.reflect.NativeConstructorAccessorImpl.newInstance(NativeConstructorAccessorImpl.java:62)
	at sun.reflect.DelegatingConstructorAccessorImpl.newInstance(DelegatingConstructorAccessorImpl.java:45)
	at java.lang.reflect.Constructor.newInstance(Constructor.java:423)
	at org.openqa.selenium.remote.codec.w3c.W3CHttpResponseCodec.createException(W3CHttpResponseCodec.java:200)
	at org.openqa.selenium.remote.codec.w3c.W3CHttpResponseCodec.decode(W3CHttpResponseCodec.java:133)
	at org.openqa.selenium.remote.codec.w3c.W3CHttpResponseCodec.decode(W3CHttpResponseCodec.java:53)
	at org.openqa.selenium.remote.HttpCommandExecutor.execute(HttpCommandExecutor.java:184)
	at org.openqa.selenium.remote.service.DriverCommandExecutor.invokeExecute(DriverCommandExecutor.java:167)
	at org.openqa.selenium.remote.service.DriverCommandExecutor.execute(DriverCommandExecutor.java:142)
	at org.openqa.selenium.remote.RemoteWebDriver.execute(RemoteWebDriver.java:567)
	at org.openqa.selenium.remote.ElementLocation$ElementFinder$2.findElement(ElementLocation.java:162)
	at org.openqa.selenium.remote.ElementLocation.findElement(ElementLocation.java:60)
	at org.openqa.selenium.remote.RemoteWebDriver.findElement(RemoteWebDriver.java:385)
	at org.openqa.selenium.remote.RemoteWebDriver.findElement(RemoteWebDriver.java:377)
	at sun.reflect.GeneratedMethodAccessor3.invoke(Unknown Source)
	at sun.reflect.DelegatingMethodAccessorImpl.invoke(DelegatingMethodAccessorImpl.java:43)
	at java.lang.reflect.Method.invoke(Method.java:498)
	at org.openqa.selenium.support.events.EventFiringWebDriver.lambda$new$1(EventFiringWebDriver.java:115)
	at com.sun.proxy.$Proxy14.findElement(Unknown Source)
	at org.openqa.selenium.support.events.EventFiringWebDriver.findElement(EventFiringWebDriver.java:204)
	at org.iti.utils.Highlighter.highlightElement(Highlighter.java:14)
	at org.iti.pages.BasePage.getText(BasePage.java:63)
	at org.iti.pages.RegisterPage.getRegistrationStatus(RegisterPage.java:72)
	at org.iti.tests.RegistrationTest.testRegistration(RegistrationTest.java:21)
	at sun.reflect.NativeMethodAccessorImpl.invoke0(Native Method)
	at sun.reflect.NativeMethodAccessorImpl.invoke(NativeMethodAccessorImpl.java:62)
	at sun.reflect.DelegatingMethodAccessorImpl.invoke(DelegatingMethodAccessorImpl.java:43)
	at java.lang.reflect.Method.invoke(Method.java:498)
	at org.testng.internal.invokers.MethodInvocationHelper.invokeMethod(MethodInvocationHelper.java:135)
	at org.testng.internal.invokers.TestInvoker.invokeMethod(TestInvoker.java:673)
	at org.testng.internal.invokers.TestInvoker.invokeTestMethod(TestInvoker.java:220)
	at org.testng.internal.invokers.MethodRunner.runInSequence(MethodRunner.java:50)
	at org.testng.internal.invokers.TestInvoker$MethodInvocationAgent.invoke(TestInvoker.java:945)
	at org.testng.internal.invokers.TestInvoker.invokeTestMethods(TestInvoker.java:193)
	at org.testng.internal.invokers.TestMethodWorker.invokeTestMethods(TestMethodWorker.java:146)
	at org.testng.internal.invokers.TestMethodWorker.run(TestMethodWorker.java:128)
	at java.util.ArrayList.forEach(ArrayList.java:1259)
	at org.testng.TestRunner.privateRun(TestRunner.java:808)
	at org.testng.TestRunner.run(TestRunner.java:603)
	at org.testng.SuiteRunner.runTest(SuiteRunner.java:429)
	at org.testng.SuiteRunner.access$000(SuiteRunner.java:32)
	at org.testng.SuiteRunner$SuiteWorker.run(SuiteRunner.java:467)
	at org.testng.internal.thread.ThreadUtil.lambda$execute$0(ThreadUtil.java:58)
	at java.util.concurrent.FutureTask.run(FutureTask.java:266)
	at java.util.concurrent.ThreadPoolExecutor.runWorker(ThreadPoolExecutor.java:1149)
	at java.util.concurrent.ThreadPoolExecutor$Worker.run(ThreadPoolExecutor.java:624)
	at java.lang.Thread.run(Thread.java:748)

org.openqa.selenium.NoSuchElementException: no such element: Unable to locate element: {"method":"xpath","selector":"//*[contains(@class,'result')][contains(text(),'completed')]"}
  (Session info: chrome=101.0.4951.54)
For documentation on this error, please visit: https://selenium.dev/exceptions/#no_such_element
Build info: version: '4.1.4', revision: '535d840ee2'
System info: host: 'DESKTOP-4OFQGQ7', ip: '10.145.2.162', os.name: 'Windows 10', os.arch: 'amd64', os.version: '10.0', java.version: '1.8.0_311'
Driver info: org.openqa.selenium.chrome.ChromeDriver
Command: [2635c54c1a39cfce53345e21b0d2270c, findElement {using=xpath, value=//*[contains(@class,'result')][contains(text(),'completed')]}]
Capabilities {acceptInsecureCerts: false, browserName: chrome, browserVersion: 101.0.4951.54, chrome: {chromedriverVersion: 101.0.4951.41 (93c720db8323..., userDataDir: C:\Users\Ahmed Medhat\AppDa...}, goog:chromeOptions: {debuggerAddress: localhost:57453}, javascriptEnabled: true, networkConnectionEnabled: false, pageLoadStrategy: normal, platform: WINDOWS, platformName: WINDOWS, proxy: Proxy(), se:cdp: ws://localhost:57453/devtoo..., se:cdpVersion: 101.0.4951.54, setWindowRect: true, strictFileInteractability: false, timeouts: {implicit: 0, pageLoad: 300000, script: 30000}, unhandledPromptBehavior: dismiss and notify, webauthn:extension:credBlob: true, webauthn:extension:largeBlob: true, webauthn:virtualAuthenticators: true}
Session ID: 2635c54c1a39cfce53345e21b0d2270c
	at sun.reflect.NativeConstructorAccessorImpl.newInstance0(Native Method)
	at sun.reflect.NativeConstructorAccessorImpl.newInstance(NativeConstructorAccessorImpl.java:62)
	at sun.reflect.DelegatingConstructorAccessorImpl.newInstance(DelegatingConstructorAccessorImpl.java:45)
	at java.lang.reflect.Constructor.newInstance(Constructor.java:423)
	at org.openqa.selenium.remote.codec.w3c.W3CHttpResponseCodec.createException(W3CHttpResponseCodec.java:200)
	at org.openqa.selenium.remote.codec.w3c.W3CHttpResponseCodec.decode(W3CHttpResponseCodec.java:133)
	at org.openqa.selenium.remote.codec.w3c.W3CHttpResponseCodec.decode(W3CHttpResponseCodec.java:53)
	at org.openqa.selenium.remote.HttpCommandExecutor.execute(HttpCommandExecutor.java:184)
	at org.openqa.selenium.remote.service.DriverCommandExecutor.invokeExecute(DriverCommandExecutor.java:167)
	at org.openqa.selenium.remote.service.DriverCommandExecutor.execute(DriverCommandExecutor.java:142)
	at org.openqa.selenium.remote.RemoteWebDriver.execute(RemoteWebDriver.java:567)
	at org.openqa.selenium.remote.ElementLocation$ElementFinder$2.findElement(ElementLocation.java:162)
	at org.openqa.selenium.remote.ElementLocation.findElement(ElementLocation.java:60)
	at org.openqa.selenium.remote.RemoteWebDriver.findElement(RemoteWebDriver.java:385)
	at org.openqa.selenium.remote.RemoteWebDriver.findElement(RemoteWebDriver.java:377)
	at sun.reflect.GeneratedMethodAccessor3.invoke(Unknown Source)
	at sun.reflect.DelegatingMethodAccessorImpl.invoke(DelegatingMethodAccessorImpl.java:43)
	at java.lang.reflect.Method.invoke(Method.java:498)
	at org.openqa.selenium.support.events.EventFiringWebDriver.lambda$new$1(EventFiringWebDriver.java:115)
	at com.sun.proxy.$Proxy13.findElement(Unknown Source)
	at org.openqa.selenium.support.events.EventFiringWebDriver.findElement(EventFiringWebDriver.java:204)
	at org.iti.utils.Highlighter.highlightElement(Highlighter.java:14)
	at org.iti.pages.BasePage.getText(BasePage.java:63)
	at org.iti.pages.RegisterPage.getRegistrationStatus(RegisterPage.java:72)
	at org.iti.tests.RegistrationTest.testRegistration(RegistrationTest.java:21)
	at sun.reflect.NativeMethodAccessorImpl.invoke0(Native Method)
	at sun.reflect.NativeMethodAccessorImpl.invoke(NativeMethodAccessorImpl.java:62)
	at sun.reflect.DelegatingMethodAccessorImpl.invoke(DelegatingMethodAccessorImpl.java:43)
	at java.lang.reflect.Method.invoke(Method.java:498)
	at org.testng.internal.invokers.MethodInvocationHelper.invokeMethod(MethodInvocationHelper.java:135)
	at org.testng.internal.invokers.TestInvoker.invokeMethod(TestInvoker.java:673)
	at org.testng.internal.invokers.TestInvoker.invokeTestMethod(TestInvoker.java:220)
	at org.testng.internal.invokers.MethodRunner.runInSequence(MethodRunner.java:50)
	at org.testng.internal.invokers.TestInvoker$MethodInvocationAgent.invoke(TestInvoker.java:945)
	at org.testng.internal.invokers.TestInvoker.invokeTestMethods(TestInvoker.java:193)
	at org.testng.internal.invokers.TestMethodWorker.invokeTestMethods(TestMethodWorker.java:146)
	at org.testng.internal.invokers.TestMethodWorker.run(TestMethodWorker.java:128)
	at java.util.ArrayList.forEach(ArrayList.java:1259)
	at org.testng.TestRunner.privateRun(TestRunner.java:808)
	at org.testng.TestRunner.run(TestRunner.java:603)
	at org.testng.SuiteRunner.runTest(SuiteRunner.java:429)
	at org.testng.SuiteRunner.access$000(SuiteRunner.java:32)
	at org.testng.SuiteRunner$SuiteWorker.run(SuiteRunner.java:467)
	at org.testng.internal.thread.ThreadUtil.lambda$execute$0(ThreadUtil.java:58)
	at java.util.concurrent.FutureTask.run(FutureTask.java:266)
	at java.util.concurrent.ThreadPoolExecutor.runWorker(ThreadPoolExecutor.java:1149)
	at java.util.concurrent.ThreadPoolExecutor$Worker.run(ThreadPoolExecutor.java:624)
	at java.lang.Thread.run(Thread.java:748)

Creating test Report , using Extent Report  .... 
