{"uuid":"3050d183-a300-46ad-8ad9-8e6dfba60ed2","historyId":"7a55db35ca2abf3717a5c9ffd64f16c9","fullName":"org.iti.tests.RegistrationTest.testRegistration","labels":[{"name":"package","value":"org.iti.tests.RegistrationTest"},{"name":"testClass","value":"org.iti.tests.RegistrationTest"},{"name":"testMethod","value":"testRegistration"},{"name":"parentSuite","value":"Default Suite"},{"name":"suite","value":"testautomationFramework"},{"name":"subSuite","value":"org.iti.tests.RegistrationTest"},{"name":"host","value":"DESKTOP-4OFQGQ7"},{"name":"thread","value":"24076@DESKTOP-4OFQGQ7.main(1)"},{"name":"framework","value":"testng"},{"name":"language","value":"java"},{"name":"severity","value":"critical"}],"links":[{"name":"My Linkedin","url":"https://www.linkedin.com/in/amedhat/","type":"custom"}],"name":"testRegistration","status":"broken","statusDetails":{"known":false,"muted":false,"flaky":false,"message":"Failed to find element using By.xpath: //*[contains(@class,'ico-register')]","trace":"org.openqa.selenium.NoSuchElementException: Failed to find element using By.xpath: //*[contains(@class,'ico-register')]\r\n\tat com.epam.healenium.handlers.proxy.BaseHandler.findElement(BaseHandler.java:67)\r\n\tat com.epam.healenium.handlers.proxy.SelfHealingProxyInvocationHandler.invoke(SelfHealingProxyInvocationHandler.java:39)\r\n\tat com.sun.proxy.$Proxy16.findElement(Unknown Source)\r\n\tat org.iti.utils.Highlighter.highlightElement(Highlighter.java:14)\r\n\tat org.iti.actions.UiActions.getWebElement(UiActions.java:40)\r\n\tat org.iti.actions.UiActions.clickOn(UiActions.java:56)\r\n\tat org.iti.pages.LandingPage.goToRegisterPage(LandingPage.java:36)\r\n\tat org.iti.tests.RegistrationTest.testRegistration(RegistrationTest.java:53)\r\n\tat sun.reflect.NativeMethodAccessorImpl.invoke0(Native Method)\r\n\tat sun.reflect.NativeMethodAccessorImpl.invoke(NativeMethodAccessorImpl.java:62)\r\n\tat sun.reflect.DelegatingMethodAccessorImpl.invoke(DelegatingMethodAccessorImpl.java:43)\r\n\tat java.lang.reflect.Method.invoke(Method.java:498)\r\n\tat org.testng.internal.invokers.MethodInvocationHelper.invokeMethod(MethodInvocationHelper.java:135)\r\n\tat org.testng.internal.invokers.TestInvoker.invokeMethod(TestInvoker.java:673)\r\n\tat org.testng.internal.invokers.TestInvoker.invokeTestMethod(TestInvoker.java:220)\r\n\tat org.testng.internal.invokers.MethodRunner.runInSequence(MethodRunner.java:50)\r\n\tat org.testng.internal.invokers.TestInvoker$MethodInvocationAgent.invoke(TestInvoker.java:945)\r\n\tat org.testng.internal.invokers.TestInvoker.invokeTestMethods(TestInvoker.java:193)\r\n\tat org.testng.internal.invokers.TestMethodWorker.invokeTestMethods(TestMethodWorker.java:146)\r\n\tat org.testng.internal.invokers.TestMethodWorker.run(TestMethodWorker.java:128)\r\n\tat java.util.ArrayList.forEach(ArrayList.java:1259)\r\n\tat org.testng.TestRunner.privateRun(TestRunner.java:808)\r\n\tat org.testng.TestRunner.run(TestRunner.java:603)\r\n\tat org.testng.SuiteRunner.runTest(SuiteRunner.java:429)\r\n\tat org.testng.SuiteRunner.runSequentially(SuiteRunner.java:423)\r\n\tat org.testng.SuiteRunner.privateRun(SuiteRunner.java:383)\r\n\tat org.testng.SuiteRunner.run(SuiteRunner.java:326)\r\n\tat org.testng.SuiteRunnerWorker.runSuite(SuiteRunnerWorker.java:52)\r\n\tat org.testng.SuiteRunnerWorker.run(SuiteRunnerWorker.java:95)\r\n\tat org.testng.TestNG.runSuitesSequentially(TestNG.java:1249)\r\n\tat org.testng.TestNG.runSuitesLocally(TestNG.java:1169)\r\n\tat org.testng.TestNG.runSuites(TestNG.java:1092)\r\n\tat org.testng.TestNG.run(TestNG.java:1060)\r\n\tat com.intellij.rt.testng.IDEARemoteTestNG.run(IDEARemoteTestNG.java:66)\r\n\tat com.intellij.rt.testng.RemoteTestNGStarter.main(RemoteTestNGStarter.java:109)\r\nCaused by: org.openqa.selenium.NoSuchWindowException: no such window: target window already closed\nfrom unknown error: web view not found\n  (Session info: chrome=101.0.4951.67)\nBuild info: version: '4.1.4', revision: '535d840ee2'\nSystem info: host: 'DESKTOP-4OFQGQ7', ip: '10.145.2.162', os.name: 'Windows 10', os.arch: 'amd64', os.version: '10.0', java.version: '1.8.0_332'\nDriver info: org.openqa.selenium.chrome.ChromeDriver\nCommand: [dbcbe32a0aae1af06114675cd0cf0433, getTitle {}]\nCapabilities {acceptInsecureCerts: false, browserName: chrome, browserVersion: 101.0.4951.67, chrome: {chromedriverVersion: 101.0.4951.41 (93c720db8323..., userDataDir: C:\\Users\\Ahmed Medhat\\AppDa...}, goog:chromeOptions: {debuggerAddress: localhost:63862}, javascriptEnabled: true, networkConnectionEnabled: false, pageLoadStrategy: normal, platform: WINDOWS, platformName: WINDOWS, proxy: Proxy(), se:cdp: ws://localhost:63862/devtoo..., se:cdpVersion: 101.0.4951.67, setWindowRect: true, strictFileInteractability: false, timeouts: {implicit: 0, pageLoad: 300000, script: 30000}, unhandledPromptBehavior: dismiss and notify, webauthn:extension:credBlob: true, webauthn:extension:largeBlob: true, webauthn:virtualAuthenticators: true}\nSession ID: dbcbe32a0aae1af06114675cd0cf0433\r\n\tat sun.reflect.NativeConstructorAccessorImpl.newInstance0(Native Method)\r\n\tat sun.reflect.NativeConstructorAccessorImpl.newInstance(NativeConstructorAccessorImpl.java:62)\r\n\tat sun.reflect.DelegatingConstructorAccessorImpl.newInstance(DelegatingConstructorAccessorImpl.java:45)\r\n\tat java.lang.reflect.Constructor.newInstance(Constructor.java:423)\r\n\tat org.openqa.selenium.remote.codec.w3c.W3CHttpResponseCodec.createException(W3CHttpResponseCodec.java:200)\r\n\tat org.openqa.selenium.remote.codec.w3c.W3CHttpResponseCodec.decode(W3CHttpResponseCodec.java:133)\r\n\tat org.openqa.selenium.remote.codec.w3c.W3CHttpResponseCodec.decode(W3CHttpResponseCodec.java:53)\r\n\tat org.openqa.selenium.remote.HttpCommandExecutor.execute(HttpCommandExecutor.java:184)\r\n\tat org.openqa.selenium.remote.service.DriverCommandExecutor.invokeExecute(DriverCommandExecutor.java:167)\r\n\tat org.openqa.selenium.remote.service.DriverCommandExecutor.execute(DriverCommandExecutor.java:142)\r\n\tat org.openqa.selenium.remote.RemoteWebDriver.execute(RemoteWebDriver.java:567)\r\n\tat org.openqa.selenium.remote.RemoteWebDriver.execute(RemoteWebDriver.java:622)\r\n\tat org.openqa.selenium.remote.RemoteWebDriver.execute(RemoteWebDriver.java:626)\r\n\tat org.openqa.selenium.remote.RemoteWebDriver.getTitle(RemoteWebDriver.java:335)\r\n\tat com.epam.healenium.handlers.proxy.BaseHandler.awareBy(BaseHandler.java:103)\r\n\tat com.epam.healenium.handlers.proxy.BaseHandler.findElement(BaseHandler.java:50)\r\n\t... 34 more\r\n"},"stage":"finished","description":"Verify that user can register successfully","steps":[],"attachments":[],"parameters":[{"name":"arg3","value":"1"},{"name":"arg2","value":"medhat"},{"name":"arg5","value":"1900"},{"name":"arg4","value":"1"},{"name":"arg1","value":"ahmed"},{"name":"arg0","value":"male"},{"name":"arg7","value":"15999999"},{"name":"arg6","value":"ahmedmedhat00@automation.com"}],"start":1654086044031,"stop":1654086058358}