{"uuid":"3a8ba34b-2d26-4ca3-be99-f1da4f58e01d","historyId":"64609363c04e7ea7f0690dc5c8be6117","fullName":"org.iti.tests.RegistrationTest.testRegistration","labels":[{"name":"package","value":"org.iti.tests.RegistrationTest"},{"name":"testClass","value":"org.iti.tests.RegistrationTest"},{"name":"testMethod","value":"testRegistration"},{"name":"parentSuite","value":"All Test Suite"},{"name":"suite","value":"Registration"},{"name":"subSuite","value":"org.iti.tests.RegistrationTest"},{"name":"host","value":"DESKTOP-4OFQGQ7"},{"name":"thread","value":"13948@DESKTOP-4OFQGQ7.TestNG-test=Registration-1(14)"},{"name":"framework","value":"testng"},{"name":"language","value":"java"},{"name":"severity","value":"critical"}],"links":[{"name":"My Linkedin","url":"https://www.linkedin.com/in/amedhat/","type":"custom"}],"name":"testRegistration","status":"broken","statusDetails":{"known":false,"muted":false,"flaky":false,"message":"Failed to find element using By.xpath: //*[contains(@class,'ico-register')]","trace":"org.openqa.selenium.NoSuchElementException: Failed to find element using By.xpath: //*[contains(@class,'ico-register')]\r\n\tat com.epam.healenium.handlers.proxy.BaseHandler.findElement(BaseHandler.java:67)\r\n\tat com.epam.healenium.handlers.proxy.SelfHealingProxyInvocationHandler.invoke(SelfHealingProxyInvocationHandler.java:39)\r\n\tat com.sun.proxy.$Proxy14.findElement(Unknown Source)\r\n\tat org.iti.actions.UiActions.getWebElement(UiActions.java:43)\r\n\tat org.iti.actions.UiActions.clickOn(UiActions.java:61)\r\n\tat org.iti.pages.LandingPage.goToRegisterPage(LandingPage.java:36)\r\n\tat org.iti.tests.RegistrationTest.testRegistration(RegistrationTest.java:52)\r\n\tat sun.reflect.NativeMethodAccessorImpl.invoke0(Native Method)\r\n\tat sun.reflect.NativeMethodAccessorImpl.invoke(NativeMethodAccessorImpl.java:62)\r\n\tat sun.reflect.DelegatingMethodAccessorImpl.invoke(DelegatingMethodAccessorImpl.java:43)\r\n\tat java.lang.reflect.Method.invoke(Method.java:498)\r\n\tat org.testng.internal.invokers.MethodInvocationHelper.invokeMethod(MethodInvocationHelper.java:135)\r\n\tat org.testng.internal.invokers.TestInvoker.invokeMethod(TestInvoker.java:673)\r\n\tat org.testng.internal.invokers.TestInvoker.invokeTestMethod(TestInvoker.java:220)\r\n\tat org.testng.internal.invokers.MethodRunner.runInSequence(MethodRunner.java:50)\r\n\tat org.testng.internal.invokers.TestInvoker$MethodInvocationAgent.invoke(TestInvoker.java:945)\r\n\tat org.testng.internal.invokers.TestInvoker.invokeTestMethods(TestInvoker.java:193)\r\n\tat org.testng.internal.invokers.TestMethodWorker.invokeTestMethods(TestMethodWorker.java:146)\r\n\tat org.testng.internal.invokers.TestMethodWorker.run(TestMethodWorker.java:128)\r\n\tat java.util.concurrent.ThreadPoolExecutor.runWorker(ThreadPoolExecutor.java:1149)\r\n\tat java.util.concurrent.ThreadPoolExecutor$Worker.run(ThreadPoolExecutor.java:624)\r\n\tat java.lang.Thread.run(Thread.java:748)\r\nCaused by: org.openqa.selenium.WebDriverException: chrome not reachable\n  (Session info: chrome=102.0.5005.63)\nBuild info: version: '4.1.4', revision: '535d840ee2'\nSystem info: host: 'DESKTOP-4OFQGQ7', ip: '192.168.1.2', os.name: 'Windows 10', os.arch: 'amd64', os.version: '10.0', java.version: '1.8.0_311'\nDriver info: org.openqa.selenium.chrome.ChromeDriver\nCommand: [497de02046512c076c2a555fc85ae970, getTitle {}]\nCapabilities {acceptInsecureCerts: false, browserName: chrome, browserVersion: 102.0.5005.63, chrome: {chromedriverVersion: 101.0.4951.41 (93c720db8323..., userDataDir: C:\\Users\\Ahmed Medhat\\AppDa...}, goog:chromeOptions: {debuggerAddress: localhost:61582}, javascriptEnabled: true, networkConnectionEnabled: false, pageLoadStrategy: normal, platform: WINDOWS, platformName: WINDOWS, proxy: Proxy(), se:cdp: ws://localhost:61582/devtoo..., se:cdpVersion: 102.0.5005.63, setWindowRect: true, strictFileInteractability: false, timeouts: {implicit: 0, pageLoad: 300000, script: 30000}, unhandledPromptBehavior: dismiss and notify, webauthn:extension:credBlob: true, webauthn:extension:largeBlob: true, webauthn:virtualAuthenticators: true}\nSession ID: 497de02046512c076c2a555fc85ae970\r\n\tat sun.reflect.NativeConstructorAccessorImpl.newInstance0(Native Method)\r\n\tat sun.reflect.NativeConstructorAccessorImpl.newInstance(NativeConstructorAccessorImpl.java:62)\r\n\tat sun.reflect.DelegatingConstructorAccessorImpl.newInstance(DelegatingConstructorAccessorImpl.java:45)\r\n\tat java.lang.reflect.Constructor.newInstance(Constructor.java:423)\r\n\tat org.openqa.selenium.remote.codec.w3c.W3CHttpResponseCodec.createException(W3CHttpResponseCodec.java:200)\r\n\tat org.openqa.selenium.remote.codec.w3c.W3CHttpResponseCodec.decode(W3CHttpResponseCodec.java:133)\r\n\tat org.openqa.selenium.remote.codec.w3c.W3CHttpResponseCodec.decode(W3CHttpResponseCodec.java:53)\r\n\tat org.openqa.selenium.remote.HttpCommandExecutor.execute(HttpCommandExecutor.java:184)\r\n\tat org.openqa.selenium.remote.service.DriverCommandExecutor.invokeExecute(DriverCommandExecutor.java:167)\r\n\tat org.openqa.selenium.remote.service.DriverCommandExecutor.execute(DriverCommandExecutor.java:142)\r\n\tat org.openqa.selenium.remote.RemoteWebDriver.execute(RemoteWebDriver.java:567)\r\n\tat org.openqa.selenium.remote.RemoteWebDriver.execute(RemoteWebDriver.java:622)\r\n\tat org.openqa.selenium.remote.RemoteWebDriver.execute(RemoteWebDriver.java:626)\r\n\tat org.openqa.selenium.remote.RemoteWebDriver.getTitle(RemoteWebDriver.java:335)\r\n\tat com.epam.healenium.handlers.proxy.BaseHandler.awareBy(BaseHandler.java:103)\r\n\tat com.epam.healenium.handlers.proxy.BaseHandler.findElement(BaseHandler.java:50)\r\n\t... 21 more\r\n"},"stage":"finished","description":"Verify that user can register successfully","steps":[],"attachments":[],"parameters":[{"name":"arg3","value":"1"},{"name":"arg2","value":"medhat"},{"name":"arg5","value":"1900"},{"name":"arg4","value":"1"},{"name":"arg1","value":"ahmed"},{"name":"arg0","value":"male"},{"name":"arg7","value":"15999999"},{"name":"arg6","value":"ahmedmedhat@automation.com"}],"start":1654118260145,"stop":1654118294599}