{"uuid":"8feddc03-1a21-4ee8-a5c4-153fb3137866","historyId":"7bb5ca8a334bba7416e9142e1fd7bedb","fullName":"org.iti.tests.LoginTest.testLogin","labels":[{"name":"package","value":"org.iti.tests.LoginTest"},{"name":"testClass","value":"org.iti.tests.LoginTest"},{"name":"testMethod","value":"testLogin"},{"name":"parentSuite","value":"Default Suite"},{"name":"suite","value":"taf"},{"name":"subSuite","value":"org.iti.tests.LoginTest"},{"name":"host","value":"DESKTOP-4OFQGQ7"},{"name":"thread","value":"37304@DESKTOP-4OFQGQ7.main(1)"},{"name":"framework","value":"testng"},{"name":"language","value":"java"},{"name":"severity","value":"critical"}],"links":[],"name":"testLogin","status":"broken","statusDetails":{"known":false,"muted":false,"flaky":false,"message":"Failed to find element using By.xpath: //a[contains(@class,'login')]\nFor documentation on this error, please visit: https://selenium.dev/exceptions/#no_such_element\nBuild info: version: '4.1.4', revision: '535d840ee2'\nSystem info: host: 'DESKTOP-4OFQGQ7', ip: '192.168.1.2', os.name: 'Windows 10', os.arch: 'amd64', os.version: '10.0', java.version: '1.8.0_332'\nDriver info: driver.version: unknown","trace":"org.openqa.selenium.NoSuchElementException: Failed to find element using By.xpath: //a[contains(@class,'login')]\nFor documentation on this error, please visit: https://selenium.dev/exceptions/#no_such_element\nBuild info: version: '4.1.4', revision: '535d840ee2'\nSystem info: host: 'DESKTOP-4OFQGQ7', ip: '192.168.1.2', os.name: 'Windows 10', os.arch: 'amd64', os.version: '10.0', java.version: '1.8.0_332'\nDriver info: driver.version: unknown\r\n\tat com.epam.healenium.handlers.proxy.BaseHandler.findElement(BaseHandler.java:67)\r\n\tat com.epam.healenium.handlers.proxy.SelfHealingProxyInvocationHandler.invoke(SelfHealingProxyInvocationHandler.java:39)\r\n\tat com.sun.proxy.$Proxy14.findElement(Unknown Source)\r\n\tat org.iti.utils.Highlighter.highlightElement(Highlighter.java:14)\r\n\tat org.iti.actions.UiActions.getWebElement(UiActions.java:40)\r\n\tat org.iti.actions.UiActions.clickOn(UiActions.java:56)\r\n\tat org.iti.pages.LandingPage.goToLoginPage(LandingPage.java:25)\r\n\tat org.iti.tests.LoginTest.testLogin(LoginTest.java:39)\r\n\tat sun.reflect.NativeMethodAccessorImpl.invoke0(Native Method)\r\n\tat sun.reflect.NativeMethodAccessorImpl.invoke(NativeMethodAccessorImpl.java:62)\r\n\tat sun.reflect.DelegatingMethodAccessorImpl.invoke(DelegatingMethodAccessorImpl.java:43)\r\n\tat java.lang.reflect.Method.invoke(Method.java:498)\r\n\tat org.testng.internal.invokers.MethodInvocationHelper.invokeMethod(MethodInvocationHelper.java:135)\r\n\tat org.testng.internal.invokers.TestInvoker.invokeMethod(TestInvoker.java:673)\r\n\tat org.testng.internal.invokers.TestInvoker.invokeTestMethod(TestInvoker.java:220)\r\n\tat org.testng.internal.invokers.MethodRunner.runInSequence(MethodRunner.java:50)\r\n\tat org.testng.internal.invokers.TestInvoker$MethodInvocationAgent.invoke(TestInvoker.java:945)\r\n\tat org.testng.internal.invokers.TestInvoker.invokeTestMethods(TestInvoker.java:193)\r\n\tat org.testng.internal.invokers.TestMethodWorker.invokeTestMethods(TestMethodWorker.java:146)\r\n\tat org.testng.internal.invokers.TestMethodWorker.run(TestMethodWorker.java:128)\r\n\tat java.util.ArrayList.forEach(ArrayList.java:1259)\r\n\tat org.testng.TestRunner.privateRun(TestRunner.java:808)\r\n\tat org.testng.TestRunner.run(TestRunner.java:603)\r\n\tat org.testng.SuiteRunner.runTest(SuiteRunner.java:429)\r\n\tat org.testng.SuiteRunner.runSequentially(SuiteRunner.java:423)\r\n\tat org.testng.SuiteRunner.privateRun(SuiteRunner.java:383)\r\n\tat org.testng.SuiteRunner.run(SuiteRunner.java:326)\r\n\tat org.testng.SuiteRunnerWorker.runSuite(SuiteRunnerWorker.java:52)\r\n\tat org.testng.SuiteRunnerWorker.run(SuiteRunnerWorker.java:95)\r\n\tat org.testng.TestNG.runSuitesSequentially(TestNG.java:1249)\r\n\tat org.testng.TestNG.runSuitesLocally(TestNG.java:1169)\r\n\tat org.testng.TestNG.runSuites(TestNG.java:1092)\r\n\tat org.testng.TestNG.run(TestNG.java:1060)\r\n\tat com.intellij.rt.testng.IDEARemoteTestNG.run(IDEARemoteTestNG.java:66)\r\n\tat com.intellij.rt.testng.RemoteTestNGStarter.main(RemoteTestNGStarter.java:109)\r\nCaused by: java.lang.ArrayIndexOutOfBoundsException: 1\r\n\tat com.epam.healenium.SelfHealingEngine.getCurrentUrl(SelfHealingEngine.java:133)\r\n\tat com.epam.healenium.processor.GetLastHealingDataProcessor.execute(GetLastHealingDataProcessor.java:24)\r\n\tat com.epam.healenium.processor.BaseProcessor.process(BaseProcessor.java:41)\r\n\tat com.epam.healenium.processor.BaseProcessor.process(BaseProcessor.java:49)\r\n\tat com.epam.healenium.handlers.proxy.BaseHandler.findElement(BaseHandler.java:58)\r\n\t... 34 more\r\n"},"stage":"finished","description":"Verify that user can login successfully","steps":[],"attachments":[],"parameters":[{"name":"arg1","value":"15999999"},{"name":"arg0","value":"ahmedmedhat0@automation.com"}],"start":1653927094158,"stop":1653927097565}