{"uuid":"de5c9de1-bce4-4df4-8023-42eb76b7d930","historyId":"7bb5ca8a334bba7416e9142e1fd7bedb","fullName":"org.iti.tests.LoginTest.testLogin","labels":[{"name":"package","value":"org.iti.tests.LoginTest"},{"name":"testClass","value":"org.iti.tests.LoginTest"},{"name":"testMethod","value":"testLogin"},{"name":"parentSuite","value":"Default Suite"},{"name":"suite","value":"taf"},{"name":"subSuite","value":"org.iti.tests.LoginTest"},{"name":"host","value":"DESKTOP-4OFQGQ7"},{"name":"thread","value":"29548@DESKTOP-4OFQGQ7.main(1)"},{"name":"framework","value":"testng"},{"name":"language","value":"java"},{"name":"severity","value":"critical"}],"links":[],"name":"testLogin","status":"skipped","statusDetails":{"known":false,"muted":false,"flaky":false,"message":"Failed to find element using By.xpath: //a[contains(@class,'login')]\nFor documentation on this error, please visit: https://selenium.dev/exceptions/#no_such_element\nBuild info: version: '4.1.4', revision: '535d840ee2'\nSystem info: host: 'DESKTOP-4OFQGQ7', ip: '192.168.1.2', os.name: 'Windows 10', os.arch: 'amd64', os.version: '10.0', java.version: '1.8.0_332'\nDriver info: driver.version: unknown","trace":"org.openqa.selenium.NoSuchElementException: Failed to find element using By.xpath: //a[contains(@class,'login')]\nFor documentation on this error, please visit: https://selenium.dev/exceptions/#no_such_element\nBuild info: version: '4.1.4', revision: '535d840ee2'\nSystem info: host: 'DESKTOP-4OFQGQ7', ip: '192.168.1.2', os.name: 'Windows 10', os.arch: 'amd64', os.version: '10.0', java.version: '1.8.0_332'\nDriver info: driver.version: unknown\r\n\tat com.epam.healenium.handlers.proxy.BaseHandler.findElement(BaseHandler.java:67)\r\n\tat com.epam.healenium.handlers.proxy.SelfHealingProxyInvocationHandler.invoke(SelfHealingProxyInvocationHandler.java:39)\r\n\tat com.sun.proxy.$Proxy14.findElement(Unknown Source)\r\n\tat org.iti.utils.Highlighter.highlightElement(Highlighter.java:14)\r\n\tat org.iti.actions.UiActions.getWebElement(UiActions.java:40)\r\n\tat org.iti.actions.UiActions.clickOn(UiActions.java:56)\r\n\tat org.iti.pages.LandingPage.goToLoginPage(LandingPage.java:25)\r\n\tat org.iti.tests.LoginTest.setUp(LoginTest.java:27)\r\n\tat sun.reflect.NativeMethodAccessorImpl.invoke0(Native Method)\r\n\tat sun.reflect.NativeMethodAccessorImpl.invoke(NativeMethodAccessorImpl.java:62)\r\n\tat sun.reflect.DelegatingMethodAccessorImpl.invoke(DelegatingMethodAccessorImpl.java:43)\r\n\tat java.lang.reflect.Method.invoke(Method.java:498)\r\n\tat org.testng.internal.invokers.MethodInvocationHelper.invokeMethod(MethodInvocationHelper.java:135)\r\n\tat org.testng.internal.invokers.MethodInvocationHelper.invokeMethodConsideringTimeout(MethodInvocationHelper.java:65)\r\n\tat org.testng.internal.invokers.ConfigInvoker.invokeConfigurationMethod(ConfigInvoker.java:381)\r\n\tat org.testng.internal.invokers.ConfigInvoker.invokeConfigurations(ConfigInvoker.java:319)\r\n\tat org.testng.TestRunner.invokeTestConfigurations(TestRunner.java:645)\r\n\tat org.testng.TestRunner.beforeRun(TestRunner.java:634)\r\n\tat org.testng.TestRunner.run(TestRunner.java:596)\r\n\tat org.testng.SuiteRunner.runTest(SuiteRunner.java:429)\r\n\tat org.testng.SuiteRunner.runSequentially(SuiteRunner.java:423)\r\n\tat org.testng.SuiteRunner.privateRun(SuiteRunner.java:383)\r\n\tat org.testng.SuiteRunner.run(SuiteRunner.java:326)\r\n\tat org.testng.SuiteRunnerWorker.runSuite(SuiteRunnerWorker.java:52)\r\n\tat org.testng.SuiteRunnerWorker.run(SuiteRunnerWorker.java:95)\r\n\tat org.testng.TestNG.runSuitesSequentially(TestNG.java:1249)\r\n\tat org.testng.TestNG.runSuitesLocally(TestNG.java:1169)\r\n\tat org.testng.TestNG.runSuites(TestNG.java:1092)\r\n\tat org.testng.TestNG.run(TestNG.java:1060)\r\n\tat com.intellij.rt.testng.IDEARemoteTestNG.run(IDEARemoteTestNG.java:66)\r\n\tat com.intellij.rt.testng.RemoteTestNGStarter.main(RemoteTestNGStarter.java:109)\r\nCaused by: java.lang.ArrayIndexOutOfBoundsException: 1\r\n\tat com.epam.healenium.SelfHealingEngine.getCurrentUrl(SelfHealingEngine.java:133)\r\n\tat com.epam.healenium.processor.GetLastHealingDataProcessor.execute(GetLastHealingDataProcessor.java:24)\r\n\tat com.epam.healenium.processor.BaseProcessor.process(BaseProcessor.java:41)\r\n\tat com.epam.healenium.processor.BaseProcessor.process(BaseProcessor.java:49)\r\n\tat com.epam.healenium.handlers.proxy.BaseHandler.findElement(BaseHandler.java:58)\r\n\t... 30 more\r\n"},"stage":"finished","description":"Verify that user can login successfully","steps":[],"attachments":[],"parameters":[{"name":"arg1","value":"15999999"},{"name":"arg0","value":"ahmedmedhat0@automation.com"}],"start":1653927035805,"stop":1653927035817}